Build started 19/05/2016 14:28:25.
     1>Project "C:\Users\chete\Desktop\NachosEngine\build\NachosEngine.vcxproj" on node 2 (Build target(s)).
     1>ClCompile:
         C:\Program Files (x86)\Microsoft Visual Studio 12.0\VC\bin\CL.exe /c /I..\include /ZI /nologo /W3 /WX- /MP /Od /Oy- /Gm- /EHsc /RTC1 /MDd /GS /Gy /fp:precise /Zc:wchar_t /Zc:forScope /Fo"obj\x32\debug\\" /Fd"bin\NachosEngine.pdb" /Gd /TP /analyze- /errorReport:prompt ..\src\camera.cc
         camera.cc
         GLM: rotate function taking degrees as a parameter is deprecated. #define GLM_FORCE_RADIANS before including GLM headers to remove this message.
         GLM: perspective function taking degrees as a parameter is deprecated. #define GLM_FORCE_RADIANS before including GLM headers to remove this message.
       Link:
         C:\Program Files (x86)\Microsoft Visual Studio 12.0\VC\bin\link.exe /ERRORREPORT:PROMPT /OUT:"bin\NachosEngine.exe" /INCREMENTAL /NOLOGO /LIBPATH:"..\deps\SDL2-2.0.3\lib\x86" /LIBPATH:..\deps\glew\lib /LIBPATH:"..\deps\assimp\lib\assimp_release-dll_win32" SDL2.lib SDL2main.lib Assimp32.lib glew32.lib glew32s.lib glew32d.lib glew32sd.lib opengl32.lib kernel32.lib user32.lib gdi32.lib winspool.lib comdlg32.lib advapi32.lib shell32.lib ole32.lib oleaut32.lib uuid.lib odbc32.lib odbccp32.lib /MANIFEST /MANIFESTUAC:"level='asInvoker' uiAccess='false'" /manifest:embed /DEBUG /PDB:"bin\NachosEngine.pdb" /SUBSYSTEM:CONSOLE /TLBID:1 /ENTRY:"mainCRTStartup" /DYNAMICBASE /NXCOMPAT /IMPLIB:"bin\NachosEngine.lib" /MACHINE:X86 obj\x32\debug\camera.obj
         obj\x32\debug\drawable.obj
         obj\x32\debug\frame_buffer.obj
         obj\x32\debug\geometry.obj
         obj\x32\debug\geometry_builder.obj
         obj\x32\debug\gpumanager.obj
         obj\x32\debug\light.obj
         obj\x32\debug\main.obj
         obj\x32\debug\material.obj
         obj\x32\debug\material_settings.obj
         obj\x32\debug\node.obj
         obj\x32\debug\texture.obj
         obj\x32\debug\window.obj
         NachosEngine.vcxproj -> C:\Users\chete\Desktop\NachosEngine\build\bin\NachosEngine.exe
     1>Done Building Project "C:\Users\chete\Desktop\NachosEngine\build\NachosEngine.vcxproj" (Build target(s)).

Build succeeded.

Time Elapsed 00:00:06.55
